/home/sritabh/Desktop/GO-Search-System/Text-Extraction/malayalam_output_eng/govtorder2905202211-43-22.txt
=====================================
Abstract Extracted!
Department Extracted!
Order ID Extracted!
References Extracted!
Body Para Extracted!
Order Issued By Extracted!
Status Code: 0
-------------------------------------------------

/home/sritabh/Desktop/GO-Search-System/Text-Extraction/malayalam_output_eng/govtorder0406202215-15-31.txt
=====================================
Abstract Extracted!
Department Extracted!
Order ID Extracted!
References Extracted!
Body Para Extracted!
Order Issued By Extracted!
Status Code: 0
-------------------------------------------------

/home/sritabh/Desktop/GO-Search-System/Text-Extraction/malayalam_output_eng/govtorder2705202214-52-52.txt
=====================================
Abstract Extracted!
Department Extracted!
Order ID Extracted!
References Extracted!
Body Para Extracted!
Order Issued By Extracted!
Status Code: 0
-------------------------------------------------

/home/sritabh/Desktop/GO-Search-System/Text-Extraction/malayalam_output_eng/govtorder2905202214-37-12.txt
=====================================
Abstract Extracted!
Department Extracted!
Order ID Extracted!
References Extracted!
Body Para Extracted!
Order Issued By Extracted!
Status Code: 0
-------------------------------------------------

/home/sritabh/Desktop/GO-Search-System/Text-Extraction/malayalam_output_eng/govtorder2905202211-43-22.txt
=====================================
References Extracted!
Body Para Extracted!
Order Issued By Extracted!
Status Code: 0
-------------------------------------------------

/home/sritabh/Desktop/GO-Search-System/Text-Extraction/malayalam_output_eng/govtorder0406202215-15-31.txt
=====================================
References Extracted!
Body Para Extracted!
Order Issued By Extracted!
Status Code: 0
-------------------------------------------------

/home/sritabh/Desktop/GO-Search-System/Text-Extraction/malayalam_output_eng/govtorder2705202214-52-52.txt
=====================================
References Extracted!
Body Para Extracted!
Order Issued By Extracted!
Status Code: 0
-------------------------------------------------

/home/sritabh/Desktop/GO-Search-System/Text-Extraction/malayalam_output_eng/govtorder2905202214-37-12.txt
=====================================
References Extracted!
Body Para Extracted!
Order Issued By Extracted!
Status Code: 0
-------------------------------------------------

/home/sritabh/Desktop/GO-Search-System/Text-Extraction/malayalam_output_eng/govtorder3005202216-01-49.txt
=====================================
References Extracted!
Body Para Extracted!
Order Issued By Extracted!
Status Code: 0
-------------------------------------------------

/home/sritabh/Desktop/GO-Search-System/Text-Extraction/malayalam_output_eng/govtorder0406202212-52-04.txt
=====================================
References Extracted!
Body Para Extracted!
Order Issued By Extracted!
Status Code: 0
-------------------------------------------------

/home/sritabh/Desktop/GO-Search-System/Text-Extraction/malayalam_output_eng/govtorder0406202213-33-13.txt
=====================================
References Extracted!
Body Para Extracted!
Order Issued By Extracted!
Status Code: 0
-------------------------------------------------

/home/sritabh/Desktop/GO-Search-System/Text-Extraction/malayalam_output_eng/govtorder0606202214-49-30.txt
=====================================
References Extracted!
Body Para Extracted!
Order Issued By Extracted!
Status Code: 0
-------------------------------------------------

/home/sritabh/Desktop/GO-Search-System/Text-Extraction/malayalam_output_eng/govtorder1705202215-00-20.txt
=====================================
References Extracted!
Body Para Extracted!
Order Issued By Extracted!
Status Code: 0
-------------------------------------------------

/home/sritabh/Desktop/GO-Search-System/Text-Extraction/malayalam_output_eng/govtorder0606202215-27-47.txt
=====================================
Abstract is not extracted!
Order ID is not extracted!
References Extracted!
Body Para Extracted!
Order Issued By Extracted!
Status Code: 2
-------------------------------------------------

/home/sritabh/Desktop/GO-Search-System/Text-Extraction/malayalam_output_eng/govtorder3005202214-56-55.txt
=====================================
References Extracted!
Body Para Extracted!
Order Issued By Extracted!
Status Code: 0
-------------------------------------------------

/home/sritabh/Desktop/GO-Search-System/Text-Extraction/malayalam_output_eng/govtorder2905202210-23-54.txt
=====================================
References Extracted!
Body Para Extracted!
Order Issued By Extracted!
Status Code: 0
-------------------------------------------------

/home/sritabh/Desktop/GO-Search-System/Text-Extraction/malayalam_output_eng/govtorder0606202215-57-38.txt
=====================================
References Extracted!
Body Para Extracted!
Order Issued By Extracted!
Status Code: 0
-------------------------------------------------

/home/sritabh/Desktop/GO-Search-System/Text-Extraction/malayalam_output_eng/govtorder0406202217-19-33.txt
=====================================
References Extracted!
Body Para Extracted!
Order Issued By Extracted!
Status Code: 0
-------------------------------------------------

/home/sritabh/Desktop/GO-Search-System/Text-Extraction/malayalam_output_eng/govtorder0406202212-52-06.txt
=====================================
References Extracted!
Body Para Extracted!
Order Issued By Extracted!
Status Code: 0
-------------------------------------------------

/home/sritabh/Desktop/GO-Search-System/Text-Extraction/malayalam_output_eng/govtorder2905202212-05-57.txt
=====================================
References Extracted!
Body Para Extracted!
Order Issued By Extracted!
Status Code: 0
-------------------------------------------------

/home/sritabh/Desktop/GO-Search-System/Text-Extraction/malayalam_output_eng/govtorder2705202212-29-11.txt
=====================================
References Extracted!
Body Para Extracted!
Order Issued By Extracted!
Status Code: 0
-------------------------------------------------

/home/sritabh/Desktop/GO-Search-System/Text-Extraction/malayalam_output_eng/govtorder2905202214-50-22.txt
=====================================
References Extracted!
Body Para Extracted!
Order Issued By Extracted!
Status Code: 0
-------------------------------------------------

/home/sritabh/Desktop/GO-Search-System/Text-Extraction/malayalam_output_eng/govtorder2905202211-27-42.txt
=====================================
References Extracted!
Body Para Extracted!
Order Issued By Extracted!
Status Code: 0
-------------------------------------------------

/home/sritabh/Desktop/GO-Search-System/Text-Extraction/malayalam_output_eng/govtorder0406202212-52-02.txt
=====================================
References Extracted!
Body Para Extracted!
Order Issued By Extracted!
Status Code: 0
-------------------------------------------------

/home/sritabh/Desktop/GO-Search-System/Text-Extraction/malayalam_output_eng/govtorder2905202213-00-55.txt
=====================================
References Extracted!
Body Para Extracted!
Order Issued By Extracted!
Status Code: 0
-------------------------------------------------

/home/sritabh/Desktop/GO-Search-System/Text-Extraction/malayalam_output_eng/govtorder2905202210-34-06.txt
=====================================
References Extracted!
Body Para Extracted!
Order Issued By Extracted!
Status Code: 0
-------------------------------------------------

/home/sritabh/Desktop/GO-Search-System/Text-Extraction/malayalam_output_eng/govtorder2905202212-24-24.txt
=====================================
References Extracted!
Body Para Extracted!
Order Issued By Extracted!
Status Code: 0
-------------------------------------------------

/home/sritabh/Desktop/GO-Search-System/Text-Extraction/malayalam_output_eng/govtorder2805202212-55-08.txt
=====================================
References Extracted!
Body Para Extracted!
Order Issued By Extracted!
Status Code: 0
-------------------------------------------------

/home/sritabh/Desktop/GO-Search-System/Text-Extraction/malayalam_output_eng/govtorder0606202217-15-16.txt
=====================================
References Extracted!
Body Para Extracted!
Order Issued By Extracted!
Status Code: 0
-------------------------------------------------

/home/sritabh/Desktop/GO-Search-System/Text-Extraction/malayalam_output_eng/govtorder2905202211-52-22.txt
=====================================
References Extracted!
Body Para Extracted!
Order Issued By Extracted!
Status Code: 0
-------------------------------------------------

/home/sritabh/Desktop/GO-Search-System/Text-Extraction/malayalam_output_eng/govtorder2805202217-17-48.txt
=====================================
References Extracted!
Body Para Extracted!
Order Issued By Extracted!
Status Code: 0
-------------------------------------------------

/home/sritabh/Desktop/GO-Search-System/Text-Extraction/malayalam_output_eng/govtorder2805202216-36-00.txt
=====================================
References Extracted!
Body Para Extracted!
Order Issued By Extracted!
Status Code: 0
-------------------------------------------------

/home/sritabh/Desktop/GO-Search-System/Text-Extraction/malayalam_output_eng/govtorder0806202212-22-39.txt
=====================================
References Extracted!
Body Para Extracted!
Order Issued By Extracted!
Status Code: 0
-------------------------------------------------

/home/sritabh/Desktop/GO-Search-System/Text-Extraction/malayalam_output_eng/govtorder3105202215-29-29.txt
=====================================
References is not extracted!
Body Para Extracted!
Order Issued By Extracted!
Status Code: 1
-------------------------------------------------

/home/sritabh/Desktop/GO-Search-System/Text-Extraction/malayalam_output_eng/govtorder2805202211-48-47.txt
=====================================
References Extracted!
Body Para Extracted!
Order Issued By Extracted!
Status Code: 0
-------------------------------------------------

/home/sritabh/Desktop/GO-Search-System/Text-Extraction/malayalam_output_eng/govtorder2905202213-08-09.txt
=====================================
References Extracted!
Body Para Extracted!
Order Issued By Extracted!
Status Code: 0
-------------------------------------------------

/home/sritabh/Desktop/GO-Search-System/Text-Extraction/malayalam_output_eng/govtorder2705202212-38-52.txt
=====================================
References Extracted!
Body Para Extracted!
Order Issued By Extracted!
Status Code: 0
-------------------------------------------------

/home/sritabh/Desktop/GO-Search-System/Text-Extraction/malayalam_output_eng/govtorder2705202215-34-38.txt
=====================================
References Extracted!
Body Para Extracted!
Order Issued By Extracted!
Status Code: 0
-------------------------------------------------

/home/sritabh/Desktop/GO-Search-System/Text-Extraction/malayalam_output_eng/govtorder3005202215-24-05.txt
=====================================
References Extracted!
Body Para Extracted!
Order Issued By Extracted!
Status Code: 0
-------------------------------------------------

/home/sritabh/Desktop/GO-Search-System/Text-Extraction/malayalam_output_eng/govtorder2705202211-51-42.txt
=====================================
References Extracted!
Body Para Extracted!
Order Issued By Extracted!
Status Code: 0
-------------------------------------------------

/home/sritabh/Desktop/GO-Search-System/Text-Extraction/malayalam_output_eng/govtorder2005202212-16-24.txt
=====================================
References Extracted!
Body Para Extracted!
Order Issued By Extracted!
Status Code: 0
-------------------------------------------------

/home/sritabh/Desktop/GO-Search-System/Text-Extraction/malayalam_output_eng/govtorder2905202211-10-53.txt
=====================================
References Extracted!
Body Para Extracted!
Order Issued By Extracted!
Status Code: 0
-------------------------------------------------

/home/sritabh/Desktop/GO-Search-System/Text-Extraction/malayalam_output_eng/govtorder2905202212-42-34.txt
=====================================
References is not extracted!
Body Para Extracted!
Order Issued By Extracted!
Status Code: 1
-------------------------------------------------

/home/sritabh/Desktop/GO-Search-System/Text-Extraction/malayalam_output_eng/govtorder2905202214-44-27.txt
=====================================
References Extracted!
Body Para Extracted!
Order Issued By Extracted!
Status Code: 0
-------------------------------------------------

/home/sritabh/Desktop/GO-Search-System/Text-Extraction/malayalam_output_eng/govtorder0406202215-42-36.txt
=====================================
References Extracted!
Body Para Extracted!
Order Issued By Extracted!
Status Code: 0
-------------------------------------------------

/home/sritabh/Desktop/GO-Search-System/Text-Extraction/malayalam_output_eng/govtorder2005202212-24-36.txt
=====================================
References Extracted!
Body Para Extracted!
Order Issued By Extracted!
Status Code: 0
-------------------------------------------------

/home/sritabh/Desktop/GO-Search-System/Text-Extraction/malayalam_output_eng/govtorder2905202210-59-27.txt
=====================================
References Extracted!
Body Para Extracted!
Order Issued By Extracted!
Status Code: 0
-------------------------------------------------

/home/sritabh/Desktop/GO-Search-System/Text-Extraction/malayalam_output_eng/govtorder2905202212-50-26.txt
=====================================
References Extracted!
Body Para Extracted!
Order Issued By Extracted!
Status Code: 0
-------------------------------------------------

/home/sritabh/Desktop/GO-Search-System/Text-Extraction/malayalam_output_eng/govtorder2705202216-33-39.txt
=====================================
References Extracted!
Body Para Extracted!
Order Issued By Extracted!
Status Code: 0
-------------------------------------------------

/home/sritabh/Desktop/GO-Search-System/Text-Extraction/malayalam_output_eng/govtorder0706202215-16-12.txt
=====================================
References Extracted!
Body Para Extracted!
Order Issued By Extracted!
Status Code: 0
-------------------------------------------------

/home/sritabh/Desktop/GO-Search-System/Text-Extraction/malayalam_output_eng/govtorder2605202212-14-50.txt
=====================================
References is not extracted!
Body Para Extracted!
Order Issued By Extracted!
Status Code: 1
-------------------------------------------------

/home/sritabh/Desktop/GO-Search-System/Text-Extraction/malayalam_output_eng/govtorder0306202217-05-40.txt
=====================================
References Extracted!
Body Para Extracted!
Order Issued By Extracted!
Status Code: 0
-------------------------------------------------

/home/sritabh/Desktop/GO-Search-System/Text-Extraction/malayalam_output_eng/Readme.md
=====================================
Abstract is not extracted!
Order ID is not extracted!
References is not extracted!
Body Para is not extracted!
Order Issued By is not extracted!
Status Code: 5
-------------------------------------------------

/home/sritabh/Desktop/GO-Search-System/Text-Extraction/malayalam_output_eng/govtorder0406202212-25-39.txt
=====================================
References Extracted!
Body Para Extracted!
Order Issued By Extracted!
Status Code: 0
-------------------------------------------------

/home/sritabh/Desktop/GO-Search-System/Text-Extraction/malayalam_output_eng/govtorder2905202211-43-22.txt
=====================================
References Extracted!
Body Para Extracted!
Order Issued By Extracted!
Status Code: 0
-------------------------------------------------

/home/sritabh/Desktop/GO-Search-System/Text-Extraction/malayalam_output_eng/govtorder0406202215-15-31.txt
=====================================
References Extracted!
Body Para Extracted!
Order Issued By Extracted!
Status Code: 0
-------------------------------------------------

/home/sritabh/Desktop/GO-Search-System/Text-Extraction/malayalam_output_eng/govtorder2705202214-52-52.txt
=====================================
References Extracted!
Body Para Extracted!
Order Issued By Extracted!
Status Code: 0
-------------------------------------------------

/home/sritabh/Desktop/GO-Search-System/Text-Extraction/malayalam_output_eng/govtorder2905202214-37-12.txt
=====================================
References Extracted!
Body Para Extracted!
Order Issued By Extracted!
Status Code: 0
-------------------------------------------------

/home/sritabh/Desktop/GO-Search-System/Text-Extraction/malayalam_output_eng/govtorder3005202216-01-49.txt
=====================================
References Extracted!
Body Para Extracted!
Order Issued By Extracted!
Status Code: 0
-------------------------------------------------

/home/sritabh/Desktop/GO-Search-System/Text-Extraction/malayalam_output_eng/govtorder0406202212-52-04.txt
=====================================
References Extracted!
Body Para Extracted!
Order Issued By Extracted!
Status Code: 0
-------------------------------------------------

/home/sritabh/Desktop/GO-Search-System/Text-Extraction/malayalam_output_eng/govtorder0406202213-33-13.txt
=====================================
References Extracted!
Body Para Extracted!
Order Issued By Extracted!
Status Code: 0
-------------------------------------------------

/home/sritabh/Desktop/GO-Search-System/Text-Extraction/malayalam_output_eng/govtorder0606202214-49-30.txt
=====================================
References Extracted!
Body Para Extracted!
Order Issued By Extracted!
Status Code: 0
-------------------------------------------------

/home/sritabh/Desktop/GO-Search-System/Text-Extraction/malayalam_output_eng/govtorder1705202215-00-20.txt
=====================================
References Extracted!
Body Para Extracted!
Order Issued By Extracted!
Status Code: 0
-------------------------------------------------

/home/sritabh/Desktop/GO-Search-System/Text-Extraction/malayalam_output_eng/govtorder0606202215-27-47.txt
=====================================
Abstract is not extracted!
Order ID is not extracted!
References Extracted!
Body Para Extracted!
Order Issued By Extracted!
Status Code: 2
-------------------------------------------------

/home/sritabh/Desktop/GO-Search-System/Text-Extraction/malayalam_output_eng/govtorder3005202214-56-55.txt
=====================================
References Extracted!
Body Para Extracted!
Order Issued By Extracted!
Status Code: 0
-------------------------------------------------

/home/sritabh/Desktop/GO-Search-System/Text-Extraction/malayalam_output_eng/govtorder2905202210-23-54.txt
=====================================
References Extracted!
Body Para Extracted!
Order Issued By Extracted!
Status Code: 0
-------------------------------------------------

/home/sritabh/Desktop/GO-Search-System/Text-Extraction/malayalam_output_eng/govtorder0606202215-57-38.txt
=====================================
References Extracted!
Body Para Extracted!
Order Issued By Extracted!
Status Code: 0
-------------------------------------------------

/home/sritabh/Desktop/GO-Search-System/Text-Extraction/malayalam_output_eng/govtorder0406202217-19-33.txt
=====================================
References Extracted!
Body Para Extracted!
Order Issued By Extracted!
Status Code: 0
-------------------------------------------------

/home/sritabh/Desktop/GO-Search-System/Text-Extraction/malayalam_output_eng/govtorder0406202212-52-06.txt
=====================================
References Extracted!
Body Para Extracted!
Order Issued By Extracted!
Status Code: 0
-------------------------------------------------

/home/sritabh/Desktop/GO-Search-System/Text-Extraction/malayalam_output_eng/govtorder2905202212-05-57.txt
=====================================
References Extracted!
Body Para Extracted!
Order Issued By Extracted!
Status Code: 0
-------------------------------------------------

/home/sritabh/Desktop/GO-Search-System/Text-Extraction/malayalam_output_eng/govtorder2705202212-29-11.txt
=====================================
References Extracted!
Body Para Extracted!
Order Issued By Extracted!
Status Code: 0
-------------------------------------------------

/home/sritabh/Desktop/GO-Search-System/Text-Extraction/malayalam_output_eng/govtorder2905202214-50-22.txt
=====================================
References Extracted!
Body Para Extracted!
Order Issued By Extracted!
Status Code: 0
-------------------------------------------------

/home/sritabh/Desktop/GO-Search-System/Text-Extraction/malayalam_output_eng/govtorder2905202211-27-42.txt
=====================================
References Extracted!
Body Para Extracted!
Order Issued By Extracted!
Status Code: 0
-------------------------------------------------

/home/sritabh/Desktop/GO-Search-System/Text-Extraction/malayalam_output_eng/govtorder0406202212-52-02.txt
=====================================
References Extracted!
Body Para Extracted!
Order Issued By Extracted!
Status Code: 0
-------------------------------------------------

/home/sritabh/Desktop/GO-Search-System/Text-Extraction/malayalam_output_eng/govtorder2905202213-00-55.txt
=====================================
References Extracted!
Body Para Extracted!
Order Issued By Extracted!
Status Code: 0
-------------------------------------------------

/home/sritabh/Desktop/GO-Search-System/Text-Extraction/malayalam_output_eng/govtorder2905202210-34-06.txt
=====================================
References Extracted!
Body Para Extracted!
Order Issued By Extracted!
Status Code: 0
-------------------------------------------------

/home/sritabh/Desktop/GO-Search-System/Text-Extraction/malayalam_output_eng/govtorder2905202212-24-24.txt
=====================================
References Extracted!
Body Para Extracted!
Order Issued By Extracted!
Status Code: 0
-------------------------------------------------

/home/sritabh/Desktop/GO-Search-System/Text-Extraction/malayalam_output_eng/govtorder2805202212-55-08.txt
=====================================
References Extracted!
Body Para Extracted!
Order Issued By Extracted!
Status Code: 0
-------------------------------------------------

/home/sritabh/Desktop/GO-Search-System/Text-Extraction/malayalam_output_eng/govtorder0606202217-15-16.txt
=====================================
References Extracted!
Body Para Extracted!
Order Issued By Extracted!
Status Code: 0
-------------------------------------------------

/home/sritabh/Desktop/GO-Search-System/Text-Extraction/malayalam_output_eng/govtorder2905202211-52-22.txt
=====================================
References Extracted!
Body Para Extracted!
Order Issued By Extracted!
Status Code: 0
-------------------------------------------------

/home/sritabh/Desktop/GO-Search-System/Text-Extraction/malayalam_output_eng/govtorder2805202217-17-48.txt
=====================================
References Extracted!
Body Para Extracted!
Order Issued By Extracted!
Status Code: 0
-------------------------------------------------

/home/sritabh/Desktop/GO-Search-System/Text-Extraction/malayalam_output_eng/govtorder2805202216-36-00.txt
=====================================
References Extracted!
Body Para Extracted!
Order Issued By Extracted!
Status Code: 0
-------------------------------------------------

/home/sritabh/Desktop/GO-Search-System/Text-Extraction/malayalam_output_eng/govtorder0806202212-22-39.txt
=====================================
References Extracted!
Body Para Extracted!
Order Issued By Extracted!
Status Code: 0
-------------------------------------------------

/home/sritabh/Desktop/GO-Search-System/Text-Extraction/malayalam_output_eng/govtorder3105202215-29-29.txt
=====================================
References is not extracted!
Body Para Extracted!
Order Issued By Extracted!
Status Code: 1
-------------------------------------------------

/home/sritabh/Desktop/GO-Search-System/Text-Extraction/malayalam_output_eng/govtorder2805202211-48-47.txt
=====================================
References Extracted!
Body Para Extracted!
Order Issued By Extracted!
Status Code: 0
-------------------------------------------------

/home/sritabh/Desktop/GO-Search-System/Text-Extraction/malayalam_output_eng/govtorder2905202213-08-09.txt
=====================================
References Extracted!
Body Para Extracted!
Order Issued By Extracted!
Status Code: 0
-------------------------------------------------

/home/sritabh/Desktop/GO-Search-System/Text-Extraction/malayalam_output_eng/govtorder2705202212-38-52.txt
=====================================
References Extracted!
Body Para Extracted!
Order Issued By Extracted!
Status Code: 0
-------------------------------------------------

/home/sritabh/Desktop/GO-Search-System/Text-Extraction/malayalam_output_eng/govtorder2705202215-34-38.txt
=====================================
References Extracted!
Body Para Extracted!
Order Issued By Extracted!
Status Code: 0
-------------------------------------------------

/home/sritabh/Desktop/GO-Search-System/Text-Extraction/malayalam_output_eng/govtorder3005202215-24-05.txt
=====================================
References Extracted!
Body Para Extracted!
Order Issued By Extracted!
Status Code: 0
-------------------------------------------------

/home/sritabh/Desktop/GO-Search-System/Text-Extraction/malayalam_output_eng/govtorder2705202211-51-42.txt
=====================================
References Extracted!
Body Para Extracted!
Order Issued By Extracted!
Status Code: 0
-------------------------------------------------

/home/sritabh/Desktop/GO-Search-System/Text-Extraction/malayalam_output_eng/govtorder2005202212-16-24.txt
=====================================
References Extracted!
Body Para Extracted!
Order Issued By Extracted!
Status Code: 0
-------------------------------------------------

/home/sritabh/Desktop/GO-Search-System/Text-Extraction/malayalam_output_eng/govtorder2905202211-10-53.txt
=====================================
References Extracted!
Body Para Extracted!
Order Issued By Extracted!
Status Code: 0
-------------------------------------------------

/home/sritabh/Desktop/GO-Search-System/Text-Extraction/malayalam_output_eng/govtorder2905202212-42-34.txt
=====================================
References is not extracted!
Body Para Extracted!
Order Issued By Extracted!
Status Code: 1
-------------------------------------------------

/home/sritabh/Desktop/GO-Search-System/Text-Extraction/malayalam_output_eng/govtorder2905202214-44-27.txt
=====================================
References Extracted!
Body Para Extracted!
Order Issued By Extracted!
Status Code: 0
-------------------------------------------------

/home/sritabh/Desktop/GO-Search-System/Text-Extraction/malayalam_output_eng/govtorder0406202215-42-36.txt
=====================================
References Extracted!
Body Para Extracted!
Order Issued By Extracted!
Status Code: 0
-------------------------------------------------

/home/sritabh/Desktop/GO-Search-System/Text-Extraction/malayalam_output_eng/govtorder2005202212-24-36.txt
=====================================
References Extracted!
Body Para Extracted!
Order Issued By Extracted!
Status Code: 0
-------------------------------------------------

/home/sritabh/Desktop/GO-Search-System/Text-Extraction/malayalam_output_eng/govtorder2905202210-59-27.txt
=====================================
References Extracted!
Body Para Extracted!
Order Issued By Extracted!
Status Code: 0
-------------------------------------------------

/home/sritabh/Desktop/GO-Search-System/Text-Extraction/malayalam_output_eng/govtorder2905202212-50-26.txt
=====================================
References Extracted!
Body Para Extracted!
Order Issued By Extracted!
Status Code: 0
-------------------------------------------------

/home/sritabh/Desktop/GO-Search-System/Text-Extraction/malayalam_output_eng/govtorder2705202216-33-39.txt
=====================================
References Extracted!
Body Para Extracted!
Order Issued By Extracted!
Status Code: 0
-------------------------------------------------

/home/sritabh/Desktop/GO-Search-System/Text-Extraction/malayalam_output_eng/govtorder0706202215-16-12.txt
=====================================
References Extracted!
Body Para Extracted!
Order Issued By Extracted!
Status Code: 0
-------------------------------------------------

/home/sritabh/Desktop/GO-Search-System/Text-Extraction/malayalam_output_eng/govtorder2605202212-14-50.txt
=====================================
References is not extracted!
Body Para Extracted!
Order Issued By Extracted!
Status Code: 1
-------------------------------------------------

/home/sritabh/Desktop/GO-Search-System/Text-Extraction/malayalam_output_eng/govtorder0306202217-05-40.txt
=====================================
References Extracted!
Body Para Extracted!
Order Issued By Extracted!
Status Code: 0
-------------------------------------------------

/home/sritabh/Desktop/GO-Search-System/Text-Extraction/malayalam_output_eng/govtorder0406202212-25-39.txt
=====================================
References Extracted!
Body Para Extracted!
Order Issued By Extracted!
Status Code: 0
-------------------------------------------------

/home/sritabh/Desktop/GO-Search-System/Text-Extraction/malayalam_output_eng/govtorder2905202211-43-22.txt
=====================================
References Extracted!
Body Para Extracted!
Order Issued By Extracted!
-------------------------------------------------

/home/sritabh/Desktop/GO-Search-System/Text-Extraction/malayalam_output_eng/govtorder0406202215-15-31.txt
=====================================
References Extracted!
Body Para Extracted!
Order Issued By Extracted!
-------------------------------------------------

/home/sritabh/Desktop/GO-Search-System/Text-Extraction/malayalam_output_eng/govtorder2705202214-52-52.txt
=====================================
References Extracted!
Body Para Extracted!
Order Issued By Extracted!
-------------------------------------------------

/home/sritabh/Desktop/GO-Search-System/Text-Extraction/malayalam_output_eng/govtorder2905202214-37-12.txt
=====================================
References Extracted!
Body Para Extracted!
Order Issued By Extracted!
-------------------------------------------------

/home/sritabh/Desktop/GO-Search-System/Text-Extraction/malayalam_output_eng/govtorder3005202216-01-49.txt
=====================================
References Extracted!
Body Para Extracted!
Order Issued By Extracted!
-------------------------------------------------

/home/sritabh/Desktop/GO-Search-System/Text-Extraction/malayalam_output_eng/govtorder0406202212-52-04.txt
=====================================
References Extracted!
Body Para Extracted!
Order Issued By Extracted!
-------------------------------------------------

/home/sritabh/Desktop/GO-Search-System/Text-Extraction/malayalam_output_eng/govtorder0406202213-33-13.txt
=====================================
References Extracted!
Body Para Extracted!
Order Issued By Extracted!
-------------------------------------------------

/home/sritabh/Desktop/GO-Search-System/Text-Extraction/malayalam_output_eng/govtorder0606202214-49-30.txt
=====================================
References Extracted!
Body Para Extracted!
Order Issued By Extracted!
-------------------------------------------------

/home/sritabh/Desktop/GO-Search-System/Text-Extraction/malayalam_output_eng/govtorder1705202215-00-20.txt
=====================================
References Extracted!
Body Para Extracted!
Order Issued By Extracted!
-------------------------------------------------

/home/sritabh/Desktop/GO-Search-System/Text-Extraction/malayalam_output_eng/govtorder0606202215-27-47.txt
=====================================
References Extracted!
Body Para Extracted!
Order Issued By Extracted!
-------------------------------------------------

/home/sritabh/Desktop/GO-Search-System/Text-Extraction/malayalam_output_eng/govtorder3005202214-56-55.txt
=====================================
References Extracted!
Body Para Extracted!
Order Issued By Extracted!
-------------------------------------------------

/home/sritabh/Desktop/GO-Search-System/Text-Extraction/malayalam_output_eng/govtorder2905202210-23-54.txt
=====================================
References Extracted!
Body Para Extracted!
Order Issued By Extracted!
-------------------------------------------------

/home/sritabh/Desktop/GO-Search-System/Text-Extraction/malayalam_output_eng/govtorder0606202215-57-38.txt
=====================================
References Extracted!
Body Para Extracted!
Order Issued By Extracted!
-------------------------------------------------

/home/sritabh/Desktop/GO-Search-System/Text-Extraction/malayalam_output_eng/govtorder0406202217-19-33.txt
=====================================
References Extracted!
Body Para Extracted!
Order Issued By Extracted!
-------------------------------------------------

/home/sritabh/Desktop/GO-Search-System/Text-Extraction/malayalam_output_eng/govtorder0406202212-52-06.txt
=====================================
References Extracted!
Body Para Extracted!
Order Issued By Extracted!
-------------------------------------------------

/home/sritabh/Desktop/GO-Search-System/Text-Extraction/malayalam_output_eng/govtorder2905202212-05-57.txt
=====================================
References Extracted!
Body Para Extracted!
Order Issued By Extracted!
-------------------------------------------------

/home/sritabh/Desktop/GO-Search-System/Text-Extraction/malayalam_output_eng/govtorder2705202212-29-11.txt
=====================================
References Extracted!
Body Para Extracted!
Order Issued By Extracted!
-------------------------------------------------

/home/sritabh/Desktop/GO-Search-System/Text-Extraction/malayalam_output_eng/govtorder2905202214-50-22.txt
=====================================
References Extracted!
Body Para Extracted!
Order Issued By Extracted!
-------------------------------------------------

/home/sritabh/Desktop/GO-Search-System/Text-Extraction/malayalam_output_eng/govtorder2905202211-27-42.txt
=====================================
References Extracted!
Body Para Extracted!
Order Issued By Extracted!
-------------------------------------------------

/home/sritabh/Desktop/GO-Search-System/Text-Extraction/malayalam_output_eng/govtorder0406202212-52-02.txt
=====================================
References Extracted!
Body Para Extracted!
Order Issued By Extracted!
-------------------------------------------------

/home/sritabh/Desktop/GO-Search-System/Text-Extraction/malayalam_output_eng/govtorder2905202213-00-55.txt
=====================================
References Extracted!
Body Para Extracted!
Order Issued By Extracted!
-------------------------------------------------

/home/sritabh/Desktop/GO-Search-System/Text-Extraction/malayalam_output_eng/govtorder2905202210-34-06.txt
=====================================
References Extracted!
Body Para Extracted!
Order Issued By Extracted!
-------------------------------------------------

/home/sritabh/Desktop/GO-Search-System/Text-Extraction/malayalam_output_eng/govtorder2905202212-24-24.txt
=====================================
References Extracted!
Body Para Extracted!
Order Issued By Extracted!
-------------------------------------------------

/home/sritabh/Desktop/GO-Search-System/Text-Extraction/malayalam_output_eng/govtorder2805202212-55-08.txt
=====================================
References Extracted!
Body Para Extracted!
Order Issued By Extracted!
-------------------------------------------------

/home/sritabh/Desktop/GO-Search-System/Text-Extraction/malayalam_output_eng/govtorder0606202217-15-16.txt
=====================================
References Extracted!
Body Para Extracted!
Order Issued By Extracted!
-------------------------------------------------

/home/sritabh/Desktop/GO-Search-System/Text-Extraction/malayalam_output_eng/govtorder2905202211-52-22.txt
=====================================
References Extracted!
Body Para Extracted!
Order Issued By Extracted!
-------------------------------------------------

/home/sritabh/Desktop/GO-Search-System/Text-Extraction/malayalam_output_eng/govtorder2805202217-17-48.txt
=====================================
References Extracted!
Body Para Extracted!
Order Issued By Extracted!
-------------------------------------------------

/home/sritabh/Desktop/GO-Search-System/Text-Extraction/malayalam_output_eng/govtorder2805202216-36-00.txt
=====================================
References Extracted!
Body Para Extracted!
Order Issued By Extracted!
-------------------------------------------------

/home/sritabh/Desktop/GO-Search-System/Text-Extraction/malayalam_output_eng/govtorder0806202212-22-39.txt
=====================================
References Extracted!
Body Para Extracted!
Order Issued By Extracted!
-------------------------------------------------

/home/sritabh/Desktop/GO-Search-System/Text-Extraction/malayalam_output_eng/govtorder3105202215-29-29.txt
=====================================
References Extracted!
Body Para Extracted!
Order Issued By Extracted!
-------------------------------------------------

/home/sritabh/Desktop/GO-Search-System/Text-Extraction/malayalam_output_eng/govtorder2805202211-48-47.txt
=====================================
References Extracted!
Body Para Extracted!
Order Issued By Extracted!
-------------------------------------------------

/home/sritabh/Desktop/GO-Search-System/Text-Extraction/malayalam_output_eng/govtorder2905202213-08-09.txt
=====================================
References Extracted!
Body Para Extracted!
Order Issued By Extracted!
-------------------------------------------------

/home/sritabh/Desktop/GO-Search-System/Text-Extraction/malayalam_output_eng/govtorder2705202212-38-52.txt
=====================================
References Extracted!
Body Para Extracted!
Order Issued By Extracted!
-------------------------------------------------

/home/sritabh/Desktop/GO-Search-System/Text-Extraction/malayalam_output_eng/govtorder2705202215-34-38.txt
=====================================
References Extracted!
Body Para Extracted!
Order Issued By Extracted!
-------------------------------------------------

/home/sritabh/Desktop/GO-Search-System/Text-Extraction/malayalam_output_eng/govtorder3005202215-24-05.txt
=====================================
References Extracted!
Body Para Extracted!
Order Issued By Extracted!
-------------------------------------------------

/home/sritabh/Desktop/GO-Search-System/Text-Extraction/malayalam_output_eng/govtorder2705202211-51-42.txt
=====================================
References Extracted!
Body Para Extracted!
Order Issued By Extracted!
-------------------------------------------------

/home/sritabh/Desktop/GO-Search-System/Text-Extraction/malayalam_output_eng/govtorder2005202212-16-24.txt
=====================================
References Extracted!
Body Para Extracted!
Order Issued By Extracted!
-------------------------------------------------

/home/sritabh/Desktop/GO-Search-System/Text-Extraction/malayalam_output_eng/govtorder2905202211-10-53.txt
=====================================
References Extracted!
Body Para Extracted!
Order Issued By Extracted!
-------------------------------------------------

/home/sritabh/Desktop/GO-Search-System/Text-Extraction/malayalam_output_eng/govtorder2905202212-42-34.txt
=====================================
References Extracted!
Body Para Extracted!
Order Issued By Extracted!
-------------------------------------------------

/home/sritabh/Desktop/GO-Search-System/Text-Extraction/malayalam_output_eng/govtorder2905202214-44-27.txt
=====================================
References Extracted!
Body Para Extracted!
Order Issued By Extracted!
-------------------------------------------------

/home/sritabh/Desktop/GO-Search-System/Text-Extraction/malayalam_output_eng/govtorder0406202215-42-36.txt
=====================================
References Extracted!
Body Para Extracted!
Order Issued By Extracted!
-------------------------------------------------

/home/sritabh/Desktop/GO-Search-System/Text-Extraction/malayalam_output_eng/govtorder2005202212-24-36.txt
=====================================
References Extracted!
Body Para Extracted!
Order Issued By Extracted!
-------------------------------------------------

/home/sritabh/Desktop/GO-Search-System/Text-Extraction/malayalam_output_eng/govtorder2905202210-59-27.txt
=====================================
References Extracted!
Body Para Extracted!
Order Issued By Extracted!
-------------------------------------------------

/home/sritabh/Desktop/GO-Search-System/Text-Extraction/malayalam_output_eng/govtorder2905202212-50-26.txt
=====================================
References Extracted!
Body Para Extracted!
Order Issued By Extracted!
-------------------------------------------------

/home/sritabh/Desktop/GO-Search-System/Text-Extraction/malayalam_output_eng/govtorder2705202216-33-39.txt
=====================================
References Extracted!
Body Para Extracted!
Order Issued By Extracted!
-------------------------------------------------

/home/sritabh/Desktop/GO-Search-System/Text-Extraction/malayalam_output_eng/govtorder0706202215-16-12.txt
=====================================
References Extracted!
Body Para Extracted!
Order Issued By Extracted!
-------------------------------------------------

/home/sritabh/Desktop/GO-Search-System/Text-Extraction/malayalam_output_eng/govtorder2605202212-14-50.txt
=====================================
References Extracted!
Body Para Extracted!
Order Issued By Extracted!
-------------------------------------------------

/home/sritabh/Desktop/GO-Search-System/Text-Extraction/malayalam_output_eng/govtorder0306202217-05-40.txt
=====================================
References Extracted!
Body Para Extracted!
Order Issued By Extracted!
-------------------------------------------------

/home/sritabh/Desktop/GO-Search-System/Text-Extraction/malayalam_output_eng/govtorder0406202212-25-39.txt
=====================================
References Extracted!
Body Para Extracted!
Order Issued By Extracted!
-------------------------------------------------

/home/sritabh/Desktop/GO-Search-System/Text-Extraction/malayalam_output_eng/govtorder2905202211-43-22.txt
=====================================
References Extracted!
Body Para Extracted!
Order Issued By Extracted!
Status Code: 0
-------------------------------------------------

/home/sritabh/Desktop/GO-Search-System/Text-Extraction/malayalam_output_eng/govtorder0406202215-15-31.txt
=====================================
References Extracted!
Body Para Extracted!
Order Issued By Extracted!
Status Code: 0
-------------------------------------------------

/home/sritabh/Desktop/GO-Search-System/Text-Extraction/malayalam_output_eng/govtorder2705202214-52-52.txt
=====================================
References Extracted!
Body Para Extracted!
Order Issued By Extracted!
Status Code: 0
-------------------------------------------------

/home/sritabh/Desktop/GO-Search-System/Text-Extraction/malayalam_output_eng/govtorder2905202214-37-12.txt
=====================================
References Extracted!
Body Para Extracted!
Order Issued By Extracted!
Status Code: 0
-------------------------------------------------

/home/sritabh/Desktop/GO-Search-System/Text-Extraction/malayalam_output_eng/govtorder3005202216-01-49.txt
=====================================
References Extracted!
Body Para Extracted!
Order Issued By Extracted!
Status Code: 0
-------------------------------------------------

/home/sritabh/Desktop/GO-Search-System/Text-Extraction/malayalam_output_eng/govtorder0406202212-52-04.txt
=====================================
References Extracted!
Body Para Extracted!
Order Issued By Extracted!
Status Code: 0
-------------------------------------------------

/home/sritabh/Desktop/GO-Search-System/Text-Extraction/malayalam_output_eng/govtorder0406202213-33-13.txt
=====================================
References Extracted!
Body Para Extracted!
Order Issued By Extracted!
Status Code: 0
-------------------------------------------------

/home/sritabh/Desktop/GO-Search-System/Text-Extraction/malayalam_output_eng/govtorder0606202214-49-30.txt
=====================================
References Extracted!
Body Para Extracted!
Order Issued By Extracted!
Status Code: 0
-------------------------------------------------

/home/sritabh/Desktop/GO-Search-System/Text-Extraction/malayalam_output_eng/govtorder1705202215-00-20.txt
=====================================
References Extracted!
Body Para Extracted!
Order Issued By Extracted!
Status Code: 0
-------------------------------------------------

/home/sritabh/Desktop/GO-Search-System/Text-Extraction/malayalam_output_eng/govtorder0606202215-27-47.txt
=====================================
References Extracted!
Body Para Extracted!
Order Issued By Extracted!
Status Code: 0
-------------------------------------------------

/home/sritabh/Desktop/GO-Search-System/Text-Extraction/malayalam_output_eng/govtorder3005202214-56-55.txt
=====================================
References Extracted!
Body Para Extracted!
Order Issued By Extracted!
Status Code: 0
-------------------------------------------------

/home/sritabh/Desktop/GO-Search-System/Text-Extraction/malayalam_output_eng/govtorder2905202210-23-54.txt
=====================================
References Extracted!
Body Para Extracted!
Order Issued By Extracted!
Status Code: 0
-------------------------------------------------

/home/sritabh/Desktop/GO-Search-System/Text-Extraction/malayalam_output_eng/govtorder0606202215-57-38.txt
=====================================
References Extracted!
Body Para Extracted!
Order Issued By Extracted!
Status Code: 0
-------------------------------------------------

/home/sritabh/Desktop/GO-Search-System/Text-Extraction/malayalam_output_eng/govtorder0406202217-19-33.txt
=====================================
References Extracted!
Body Para Extracted!
Order Issued By Extracted!
Status Code: 0
-------------------------------------------------

/home/sritabh/Desktop/GO-Search-System/Text-Extraction/malayalam_output_eng/govtorder0406202212-52-06.txt
=====================================
References Extracted!
Body Para Extracted!
Order Issued By Extracted!
Status Code: 0
-------------------------------------------------

/home/sritabh/Desktop/GO-Search-System/Text-Extraction/malayalam_output_eng/govtorder2905202212-05-57.txt
=====================================
References Extracted!
Body Para Extracted!
Order Issued By Extracted!
Status Code: 0
-------------------------------------------------

/home/sritabh/Desktop/GO-Search-System/Text-Extraction/malayalam_output_eng/govtorder2705202212-29-11.txt
=====================================
References Extracted!
Body Para Extracted!
Order Issued By Extracted!
Status Code: 0
-------------------------------------------------

/home/sritabh/Desktop/GO-Search-System/Text-Extraction/malayalam_output_eng/govtorder2905202214-50-22.txt
=====================================
References Extracted!
Body Para Extracted!
Order Issued By Extracted!
Status Code: 0
-------------------------------------------------

/home/sritabh/Desktop/GO-Search-System/Text-Extraction/malayalam_output_eng/govtorder2905202211-27-42.txt
=====================================
References Extracted!
Body Para Extracted!
Order Issued By Extracted!
Status Code: 0
-------------------------------------------------

/home/sritabh/Desktop/GO-Search-System/Text-Extraction/malayalam_output_eng/govtorder0406202212-52-02.txt
=====================================
References Extracted!
Body Para Extracted!
Order Issued By Extracted!
Status Code: 0
-------------------------------------------------

/home/sritabh/Desktop/GO-Search-System/Text-Extraction/malayalam_output_eng/govtorder2905202213-00-55.txt
=====================================
References Extracted!
Body Para Extracted!
Order Issued By Extracted!
Status Code: 0
-------------------------------------------------

/home/sritabh/Desktop/GO-Search-System/Text-Extraction/malayalam_output_eng/govtorder2905202210-34-06.txt
=====================================
References Extracted!
Body Para Extracted!
Order Issued By Extracted!
Status Code: 0
-------------------------------------------------

/home/sritabh/Desktop/GO-Search-System/Text-Extraction/malayalam_output_eng/govtorder2905202212-24-24.txt
=====================================
References Extracted!
Body Para Extracted!
Order Issued By Extracted!
Status Code: 0
-------------------------------------------------

/home/sritabh/Desktop/GO-Search-System/Text-Extraction/malayalam_output_eng/govtorder2805202212-55-08.txt
=====================================
References Extracted!
Body Para Extracted!
Order Issued By Extracted!
Status Code: 0
-------------------------------------------------

/home/sritabh/Desktop/GO-Search-System/Text-Extraction/malayalam_output_eng/govtorder0606202217-15-16.txt
=====================================
References Extracted!
Body Para Extracted!
Order Issued By Extracted!
Status Code: 0
-------------------------------------------------

/home/sritabh/Desktop/GO-Search-System/Text-Extraction/malayalam_output_eng/govtorder2905202211-52-22.txt
=====================================
References Extracted!
Body Para Extracted!
Order Issued By Extracted!
Status Code: 0
-------------------------------------------------

/home/sritabh/Desktop/GO-Search-System/Text-Extraction/malayalam_output_eng/govtorder2805202217-17-48.txt
=====================================
References Extracted!
Body Para Extracted!
Order Issued By Extracted!
Status Code: 0
-------------------------------------------------

/home/sritabh/Desktop/GO-Search-System/Text-Extraction/malayalam_output_eng/govtorder2805202216-36-00.txt
=====================================
References Extracted!
Body Para Extracted!
Order Issued By Extracted!
Status Code: 0
-------------------------------------------------

/home/sritabh/Desktop/GO-Search-System/Text-Extraction/malayalam_output_eng/govtorder0806202212-22-39.txt
=====================================
References Extracted!
Body Para Extracted!
Order Issued By Extracted!
Status Code: 0
-------------------------------------------------

/home/sritabh/Desktop/GO-Search-System/Text-Extraction/malayalam_output_eng/govtorder3105202215-29-29.txt
=====================================
References Extracted!
Body Para Extracted!
Order Issued By Extracted!
Status Code: 0
-------------------------------------------------

/home/sritabh/Desktop/GO-Search-System/Text-Extraction/malayalam_output_eng/govtorder2805202211-48-47.txt
=====================================
References Extracted!
Body Para Extracted!
Order Issued By Extracted!
Status Code: 0
-------------------------------------------------

/home/sritabh/Desktop/GO-Search-System/Text-Extraction/malayalam_output_eng/govtorder2905202213-08-09.txt
=====================================
References Extracted!
Body Para Extracted!
Order Issued By Extracted!
Status Code: 0
-------------------------------------------------

/home/sritabh/Desktop/GO-Search-System/Text-Extraction/malayalam_output_eng/govtorder2705202212-38-52.txt
=====================================
References Extracted!
Body Para Extracted!
Order Issued By Extracted!
Status Code: 0
-------------------------------------------------

/home/sritabh/Desktop/GO-Search-System/Text-Extraction/malayalam_output_eng/govtorder2705202215-34-38.txt
=====================================
References Extracted!
Body Para Extracted!
Order Issued By Extracted!
Status Code: 0
-------------------------------------------------

/home/sritabh/Desktop/GO-Search-System/Text-Extraction/malayalam_output_eng/govtorder3005202215-24-05.txt
=====================================
References Extracted!
Body Para Extracted!
Order Issued By Extracted!
Status Code: 0
-------------------------------------------------

/home/sritabh/Desktop/GO-Search-System/Text-Extraction/malayalam_output_eng/govtorder2705202211-51-42.txt
=====================================
References Extracted!
Body Para Extracted!
Order Issued By Extracted!
Status Code: 0
-------------------------------------------------

/home/sritabh/Desktop/GO-Search-System/Text-Extraction/malayalam_output_eng/govtorder2005202212-16-24.txt
=====================================
References Extracted!
Body Para Extracted!
Order Issued By Extracted!
Status Code: 0
-------------------------------------------------

/home/sritabh/Desktop/GO-Search-System/Text-Extraction/malayalam_output_eng/govtorder2905202211-10-53.txt
=====================================
References Extracted!
Body Para Extracted!
Order Issued By Extracted!
Status Code: 0
-------------------------------------------------

/home/sritabh/Desktop/GO-Search-System/Text-Extraction/malayalam_output_eng/govtorder2905202212-42-34.txt
=====================================
References Extracted!
Body Para Extracted!
Order Issued By Extracted!
Status Code: 0
-------------------------------------------------

/home/sritabh/Desktop/GO-Search-System/Text-Extraction/malayalam_output_eng/govtorder2905202214-44-27.txt
=====================================
References Extracted!
Body Para Extracted!
Order Issued By Extracted!
Status Code: 0
-------------------------------------------------

/home/sritabh/Desktop/GO-Search-System/Text-Extraction/malayalam_output_eng/govtorder0406202215-42-36.txt
=====================================
References Extracted!
Body Para Extracted!
Order Issued By Extracted!
Status Code: 0
-------------------------------------------------

/home/sritabh/Desktop/GO-Search-System/Text-Extraction/malayalam_output_eng/govtorder2005202212-24-36.txt
=====================================
References Extracted!
Body Para Extracted!
Order Issued By Extracted!
Status Code: 0
-------------------------------------------------

/home/sritabh/Desktop/GO-Search-System/Text-Extraction/malayalam_output_eng/govtorder2905202210-59-27.txt
=====================================
References Extracted!
Body Para Extracted!
Order Issued By Extracted!
Status Code: 0
-------------------------------------------------

/home/sritabh/Desktop/GO-Search-System/Text-Extraction/malayalam_output_eng/govtorder2905202212-50-26.txt
=====================================
References Extracted!
Body Para Extracted!
Order Issued By Extracted!
Status Code: 0
-------------------------------------------------

/home/sritabh/Desktop/GO-Search-System/Text-Extraction/malayalam_output_eng/govtorder2705202216-33-39.txt
=====================================
References Extracted!
Body Para Extracted!
Order Issued By Extracted!
Status Code: 0
-------------------------------------------------

/home/sritabh/Desktop/GO-Search-System/Text-Extraction/malayalam_output_eng/govtorder0706202215-16-12.txt
=====================================
References Extracted!
Body Para Extracted!
Order Issued By Extracted!
Status Code: 0
-------------------------------------------------

/home/sritabh/Desktop/GO-Search-System/Text-Extraction/malayalam_output_eng/govtorder2605202212-14-50.txt
=====================================
References Extracted!
Body Para Extracted!
Order Issued By Extracted!
Status Code: 0
-------------------------------------------------

/home/sritabh/Desktop/GO-Search-System/Text-Extraction/malayalam_output_eng/govtorder0306202217-05-40.txt
=====================================
References Extracted!
Body Para Extracted!
Order Issued By Extracted!
Status Code: 0
-------------------------------------------------

/home/sritabh/Desktop/GO-Search-System/Text-Extraction/malayalam_output_eng/govtorder0406202212-25-39.txt
=====================================
References Extracted!
Body Para Extracted!
Order Issued By Extracted!
Status Code: 0
-------------------------------------------------

