fe047b26-7dd2-446b-80b6-2bdf2cbd51f9.txt
=====================================
Abstract Extracted!
Department Extracted!
Order ID Extracted!
References Extracted!
Body Para Extracted!
Order Issued By Extracted!
Status Code: 0
-------------------------------------------------

93a72db5-a12b-4d3e-8f79-52b42c271477.txt
=====================================
Abstract Extracted!
Department Extracted!
Order ID Extracted!
References Extracted!
Body Para Extracted!
Order Issued By Extracted!
Status Code: 0
-------------------------------------------------

a124e9bb-2e02-476e-8057-0763d88c9b1e.txt
=====================================
Abstract Extracted!
Department Extracted!
Order ID Extracted!
References Extracted!
Body Para Extracted!
Order Issued By Extracted!
Status Code: 0
-------------------------------------------------

e2df02a1-34d1-462f-9876-c5cc30115e72.txt
=====================================
Abstract is extracted using 2nd regex, Cleaning Required!
Department Extracted!
Order ID Extracted!
References Extracted!
Body Para Extracted!
Order Issued By Extracted!
Status Code: 1
-------------------------------------------------

8fa3bae8-77df-4b43-936e-7a324d083869.txt
=====================================
Abstract Extracted!
Department Extracted!
Order ID Extracted!
References is not extracted!
Body Para is not extracted!
Order Issued By Extracted!
Status Code: 2
-------------------------------------------------

5531e26e-931e-4ee3-a908-377e628f88b1.txt
=====================================
Abstract Extracted!
Department Extracted!
Order ID Extracted!
References Extracted!
Body Para Extracted!
Order Issued By Extracted!
Status Code: 0
-------------------------------------------------

6065961b-b081-4cf9-904d-2fd798488735.txt
=====================================
Abstract Extracted!
Department Extracted!
Order ID Extracted!
References Extracted!
Body Para Extracted!
Order Issued By Extracted!
Status Code: 0
-------------------------------------------------

fa9baf3b-a463-4c49-be20-f670e6f3635c.txt
=====================================
Abstract Extracted!
Department Extracted!
Order ID Extracted!
References Extracted!
Body Para Extracted!
Order Issued By Extracted!
Status Code: 0
-------------------------------------------------

f9b49e6a-69d1-42d6-824d-1b76f72d6056.txt
=====================================
Abstract Extracted!
Department Extracted!
Order ID Extracted!
References Extracted!
Body Para Extracted!
Order Issued By Extracted!
Status Code: 0
-------------------------------------------------

e6730b8d-f61a-4e2f-acc8-f9a45a44fbc6.txt
=====================================
Abstract Extracted!
Department Extracted!
Order ID Extracted!
References Extracted!
Body Para Extracted!
Order Issued By Extracted!
Status Code: 0
-------------------------------------------------

c544ea75-7104-43c4-ab63-f989e6fb94bb.txt
=====================================
Abstract Extracted!
Department Extracted!
Order ID Extracted!
References Extracted!
Body Para Extracted!
Order Issued By Extracted!
Status Code: 0
-------------------------------------------------

07e374d1-63b7-4717-b60d-45562d73cccf.txt
=====================================
Abstract is extracted using 2nd regex, Cleaning Required!
Department is not extracted!
 Default: HIGHER EDUCATION ( ) DEPARTMENT is added as value
Order ID is extracted using 2nd regex, Success!
References is not extracted!
Body Para is not extracted!
Order Issued By is not extracted!
Status Code: 5
-------------------------------------------------

6912ad2b-48eb-4a0b-ab6d-39982a5ed0ba.txt
=====================================
Abstract Extracted!
Department Extracted!
Order ID Extracted!
References Extracted!
Body Para Extracted!
Order Issued By Extracted!
Status Code: 0
-------------------------------------------------

56304f71-270a-4e85-9c54-9ecc99a50957.txt
=====================================
Abstract Extracted!
Department Extracted!
Order ID Extracted!
References Extracted!
Body Para Extracted!
Order Issued By Extracted!
Status Code: 0
-------------------------------------------------

b0a84da5-ef29-4110-8b86-bbeaa251c577.txt
=====================================
Abstract Extracted!
Department Extracted!
Order ID Extracted!
References Extracted!
Body Para Extracted!
Order Issued By Extracted!
Status Code: 0
-------------------------------------------------

3f961418-af77-400c-a501-7ca408f98415.txt
=====================================
Abstract Extracted!
Department Extracted!
Order ID Extracted!
References Extracted!
Body Para Extracted!
Order Issued By Extracted!
Status Code: 0
-------------------------------------------------

7ee1e5dd-e2d3-4ec0-81ca-7f28bac4d325.txt
=====================================
Abstract is extracted using 2nd regex, Cleaning Required!
Department is not extracted!
 Default: HIGHER EDUCATION ( ) DEPARTMENT is added as value
Order ID is extracted using 2nd regex, Success!
References is not extracted!
Body Para is not extracted!
Order Issued By is not extracted!
Status Code: 5
-------------------------------------------------

6853089a-1bd7-415d-ba11-64406331d22e.txt
=====================================
Abstract Extracted!
Department Extracted!
Order ID Extracted!
References Extracted!
Body Para Extracted!
Order Issued By Extracted!
Status Code: 0
-------------------------------------------------

5db19faf-ca8b-49ca-82eb-6fe0d5a6c08b.txt
=====================================
Abstract Extracted!
Department Extracted!
Order ID Extracted!
References Extracted!
Body Para Extracted!
Order Issued By Extracted!
Status Code: 0
-------------------------------------------------

16072311-9014-4f5c-a5d0-2ed3521649fa.txt
=====================================
Abstract Extracted!
Department Extracted!
Order ID Extracted!
References is not extracted!
Body Para is not extracted!
Order Issued By Extracted!
Status Code: 2
-------------------------------------------------

1afd7073-6d4a-446f-89f8-a78cc94c534e.txt
=====================================
Abstract Extracted!
Department Extracted!
Order ID Extracted!
References Extracted!
Body Para Extracted!
Order Issued By Extracted!
Status Code: 0
-------------------------------------------------

5464d17c-c31f-4fc7-aecc-c6f596cf3076.txt
=====================================
Abstract Extracted!
Department Extracted!
Order ID Extracted!
References Extracted!
Body Para Extracted!
Order Issued By Extracted!
Status Code: 0
-------------------------------------------------

176bea55-6519-4abe-8f10-2a6677dc7e76.txt
=====================================
Abstract Extracted!
Department Extracted!
Order ID Extracted!
References is not extracted!
Body Para is not extracted!
Order Issued By Extracted!
Status Code: 2
-------------------------------------------------

f3f9b7da-489b-4e9a-a015-6de51632a23c.txt
=====================================
Abstract Extracted!
Department Extracted!
Order ID Extracted!
References Extracted!
Body Para Extracted!
Order Issued By Extracted!
Status Code: 0
-------------------------------------------------

e4b62c66-2f72-49e1-a7f4-45a701fe9355.txt
=====================================
Abstract Extracted!
Department Extracted!
Order ID Extracted!
References Extracted!
Body Para Extracted!
Order Issued By Extracted!
Status Code: 0
-------------------------------------------------

06a23ec9-97ed-47c7-b446-0ea4614508c5.txt
=====================================
Abstract Extracted!
Department Extracted!
Order ID Extracted!
References Extracted!
Body Para Extracted!
Order Issued By Extracted!
Status Code: 0
-------------------------------------------------

d9e5fe05-d814-4c64-823e-8c2b101e9cc4.txt
=====================================
Abstract is extracted using 2nd regex, Cleaning Required!
Department is not extracted!
 Default: HIGHER EDUCATION ( ) DEPARTMENT is added as value
Order ID is extracted using 2nd regex, Success!
References is not extracted!
Body Para is not extracted!
Order Issued By is not extracted!
Status Code: 5
-------------------------------------------------

df484fca-1481-4cf2-b0a1-5fe0a56d9bd9.txt
=====================================
Abstract Extracted!
Department Extracted!
Order ID Extracted!
References Extracted!
Body Para Extracted!
Order Issued By Extracted!
Status Code: 0
-------------------------------------------------

bc1211d8-f4d7-4d55-b8d6-a7b407cbad7a.txt
=====================================
Abstract Extracted!
Department Extracted!
Order ID Extracted!
References Extracted!
Body Para Extracted!
Order Issued By Extracted!
Status Code: 0
-------------------------------------------------

ea722185-e964-4a80-89a5-b2ff994d132c.txt
=====================================
Abstract Extracted!
Department Extracted!
Order ID Extracted!
References Extracted!
Body Para Extracted!
Order Issued By Extracted!
Status Code: 0
-------------------------------------------------

925df30b-57b4-4fd0-8716-33e7b80bff83.txt
=====================================
Abstract Extracted!
Department Extracted!
Order ID Extracted!
References Extracted!
Body Para is not extracted!
Order Issued By is not extracted!
Status Code: 2
-------------------------------------------------

e2df1d7e-1f5d-498f-9c24-dac9a35a878b.txt
=====================================
Abstract Extracted!
Department Extracted!
Order ID Extracted!
References Extracted!
Body Para Extracted!
Order Issued By Extracted!
Status Code: 0
-------------------------------------------------

fadbb986-9770-4b39-b326-8fd3adfb7b18.txt
=====================================
Abstract Extracted!
Department Extracted!
Order ID Extracted!
References Extracted!
Body Para Extracted!
Order Issued By Extracted!
Status Code: 0
-------------------------------------------------

6e6781d0-371f-4e5d-a073-9ce2ef3f23fa.txt
=====================================
Abstract Extracted!
Department Extracted!
Order ID Extracted!
References Extracted!
Body Para Extracted!
Order Issued By Extracted!
Status Code: 0
-------------------------------------------------

198b42a0-43ee-484b-904d-ce88de69c01e.txt
=====================================
Abstract Extracted!
Department Extracted!
Order ID Extracted!
References Extracted!
Body Para Extracted!
Order Issued By Extracted!
Status Code: 0
-------------------------------------------------

321e9b0b-efab-4a4c-8bdd-e26be78308b0.txt
=====================================
Abstract is extracted using 2nd regex, Cleaning Required!
Department Extracted!
Order ID Extracted!
References Extracted!
Body Para Extracted!
Order Issued By Extracted!
Status Code: 1
-------------------------------------------------

40662c47-6964-4397-b81c-9ae22a796e6a.txt
=====================================
Abstract Extracted!
Department Extracted!
Order ID Extracted!
References Extracted!
Body Para Extracted!
Order Issued By Extracted!
Status Code: 0
-------------------------------------------------

90380353-42d4-49dc-9b79-1d641d54e49d.txt
=====================================
Abstract is extracted using 2nd regex, Cleaning Required!
Department Extracted!
Order ID Extracted!
References Extracted!
Body Para Extracted!
Order Issued By Extracted!
Status Code: 1
-------------------------------------------------

faa0bd2e-fbd2-420c-97c7-a01a0012c6e2.txt
=====================================
Abstract Extracted!
Department Extracted!
Order ID is extracted using 2nd regex, Success!
References Extracted!
Body Para Extracted!
Order Issued By Extracted!
Status Code: 0
-------------------------------------------------

0785c40e-db35-4ba7-868b-2b220a4daf59.txt
=====================================
Abstract Extracted!
Department Extracted!
Order ID Extracted!
References Extracted!
Body Para Extracted!
Order Issued By Extracted!
Status Code: 0
-------------------------------------------------

6bd011b9-a6d7-4b9d-a7b1-8b13aa8897e7.txt
=====================================
Abstract Extracted!
Department Extracted!
Order ID Extracted!
References is not extracted!
Body Para is not extracted!
Order Issued By is not extracted!
Status Code: 3
-------------------------------------------------

9d18276b-1e94-4b27-a79e-61b67c717cf3.txt
=====================================
Abstract Extracted!
Department Extracted!
Order ID Extracted!
References Extracted!
Body Para Extracted!
Order Issued By Extracted!
Status Code: 0
-------------------------------------------------

e0d159f6-a0e0-41e9-8390-788d67db9abd.txt
=====================================
Abstract Extracted!
Department Extracted!
Order ID Extracted!
References is not extracted!
Body Para is not extracted!
Order Issued By Extracted!
Status Code: 2
-------------------------------------------------

6da66cb6-f91a-4909-aecd-a40f0cffb02f.txt
=====================================
Abstract Extracted!
Department Extracted!
Order ID Extracted!
References Extracted!
Body Para Extracted!
Order Issued By Extracted!
Status Code: 0
-------------------------------------------------

315ba93b-f3f4-444f-bf97-68fb0710d691.txt
=====================================
Abstract Extracted!
Department Extracted!
Order ID Extracted!
References is not extracted!
Body Para is not extracted!
Order Issued By Extracted!
Status Code: 2
-------------------------------------------------

7087683f-a6ef-45eb-87c9-08edd3774826.txt
=====================================
Abstract Extracted!
Department Extracted!
Order ID Extracted!
References Extracted!
Body Para Extracted!
Order Issued By Extracted!
Status Code: 0
-------------------------------------------------

8438bff7-b4be-4e4a-b1b9-7b2d24b05df7.txt
=====================================
Abstract Extracted!
Department Extracted!
Order ID Extracted!
References Extracted!
Body Para is not extracted!
Order Issued By is not extracted!
Status Code: 2
-------------------------------------------------

c1568b6e-2128-4955-9b09-10aee84855bb.txt
=====================================
Abstract Extracted!
Department Extracted!
Order ID Extracted!
References is not extracted!
Body Para is not extracted!
Order Issued By Extracted!
Status Code: 2
-------------------------------------------------

7a3b9538-f1bc-4be7-896f-8e27f50ca954.txt
=====================================
Abstract Extracted!
Department Extracted!
Order ID Extracted!
References Extracted!
Body Para Extracted!
Order Issued By Extracted!
Status Code: 0
-------------------------------------------------

2521eb2c-285f-468c-8b05-e2f413cd6a44.txt
=====================================
Abstract Extracted!
Department Extracted!
Order ID Extracted!
References Extracted!
Body Para Extracted!
Order Issued By Extracted!
Status Code: 0
-------------------------------------------------

